<?xml version="1.0" encoding="UTF-8"?>
<!-- Generated by org.testng.reporters.JUnitXMLReporter -->
<testsuite ignored="0" hostname="DESKTOP-OVHQO16" failures="0" tests="3" name="Default test" time="48.183" errors="0" timestamp="2022-09-27T20:00:46 IST">
  <testcase classname="tests.UITests" name="testBahrain" time="9.807"/>
  <testcase classname="tests.UITests" name="testBahrain" time="3.15"/>
  <testcase classname="tests.UITests" name="testBahrain" time="6.537"/>
</testsuite> <!-- Default test -->
