<?xml version="1.0" encoding="UTF-8"?>
<testng-results ignored="0" total="3" passed="3" failed="0" skipped="0">
  <reporter-output>
    <line>
      <![CDATA[Navigate to the application url]]>
    </line>
    <line>
      <![CDATA[Selected English language]]>
    </line>
    <line>
      <![CDATA[Clicked on country link]]>
    </line>
    <line>
      <![CDATA[Selected the Bahrain Country]]>
    </line>
    <line>
      <![CDATA[Packages for country Bahrain are verified]]>
    </line>
    <line>
      <![CDATA[Price of packages for country Bahrain are verified]]>
    </line>
    <line>
      <![CDATA[Currency of packages for country Bahrain are verified]]>
    </line>
    <line>
      <![CDATA[Selected English language]]>
    </line>
    <line>
      <![CDATA[Clicked on country link]]>
    </line>
    <line>
      <![CDATA[Selected the KSA Country]]>
    </line>
    <line>
      <![CDATA[Packages for country KSA are verified]]>
    </line>
    <line>
      <![CDATA[Price of packages for country KSA are verified]]>
    </line>
    <line>
      <![CDATA[Currency of packages for country KSA are verified]]>
    </line>
    <line>
      <![CDATA[Selected English language]]>
    </line>
    <line>
      <![CDATA[Clicked on country link]]>
    </line>
    <line>
      <![CDATA[Selected the Kuwait Country]]>
    </line>
    <line>
      <![CDATA[Packages for country Kuwait are verified]]>
    </line>
    <line>
      <![CDATA[Price of packages for country Kuwait are verified]]>
    </line>
    <line>
      <![CDATA[Currency of packages for country Kuwait are verified]]>
    </line>
  </reporter-output>
  <suite started-at="2022-09-27T19:59:58 IST" name="Default suite" finished-at="2022-09-27T20:00:46 IST" duration-ms="48183">
    <groups>
    </groups>
    <test started-at="2022-09-27T19:59:58 IST" name="Default test" finished-at="2022-09-27T20:00:46 IST" duration-ms="48183">
      <class name="tests.UITests">
        <test-method is-config="true" signature="beforeTest()[pri:0, instance:tests.UITests@7526515b]" started-at="2022-09-27T19:59:58 IST" name="beforeTest" finished-at="2022-09-27T20:00:19 IST" duration-ms="21257" status="PASS">
          <reporter-output>
            <line>
              <![CDATA[Navigate to the application url]]>
            </line>
          </reporter-output>
        </test-method> <!-- beforeTest -->
        <test-method signature="testBahrain(java.lang.String,java.lang.String)[pri:0, instance:tests.UITests@7526515b]" started-at="2022-09-27T20:00:19 IST" name="testBahrain" data-provider="getData" finished-at="2022-09-27T20:00:29 IST" duration-ms="9807" status="PASS">
          <params>
            <param index="0">
              <value>
                <![CDATA[Bahrain]]>
              </value>
            </param>
            <param index="1">
              <value>
                <![CDATA[English]]>
              </value>
            </param>
          </params>
          <reporter-output>
            <line>
              <![CDATA[Selected English language]]>
            </line>
            <line>
              <![CDATA[Clicked on country link]]>
            </line>
            <line>
              <![CDATA[Selected the Bahrain Country]]>
            </line>
            <line>
              <![CDATA[Packages for country Bahrain are verified]]>
            </line>
            <line>
              <![CDATA[Price of packages for country Bahrain are verified]]>
            </line>
            <line>
              <![CDATA[Currency of packages for country Bahrain are verified]]>
            </line>
          </reporter-output>
        </test-method> <!-- testBahrain -->
        <test-method is-config="true" signature="AfterMethod()[pri:0, instance:tests.UITests@7526515b]" started-at="2022-09-27T20:00:29 IST" name="AfterMethod" finished-at="2022-09-27T20:00:31 IST" duration-ms="1739" status="PASS">
          <reporter-output>
          </reporter-output>
        </test-method> <!-- AfterMethod -->
        <test-method signature="testBahrain(java.lang.String,java.lang.String)[pri:0, instance:tests.UITests@7526515b]" started-at="2022-09-27T20:00:31 IST" name="testBahrain" data-provider="getData" finished-at="2022-09-27T20:00:34 IST" duration-ms="3150" status="PASS">
          <params>
            <param index="0">
              <value>
                <![CDATA[KSA]]>
              </value>
            </param>
            <param index="1">
              <value>
                <![CDATA[English]]>
              </value>
            </param>
          </params>
          <reporter-output>
            <line>
              <![CDATA[Selected English language]]>
            </line>
            <line>
              <![CDATA[Clicked on country link]]>
            </line>
            <line>
              <![CDATA[Selected the KSA Country]]>
            </line>
            <line>
              <![CDATA[Packages for country KSA are verified]]>
            </line>
            <line>
              <![CDATA[Price of packages for country KSA are verified]]>
            </line>
            <line>
              <![CDATA[Currency of packages for country KSA are verified]]>
            </line>
          </reporter-output>
        </test-method> <!-- testBahrain -->
        <test-method is-config="true" signature="AfterMethod()[pri:0, instance:tests.UITests@7526515b]" started-at="2022-09-27T20:00:34 IST" name="AfterMethod" finished-at="2022-09-27T20:00:35 IST" duration-ms="1142" status="PASS">
          <reporter-output>
          </reporter-output>
        </test-method> <!-- AfterMethod -->
        <test-method signature="testBahrain(java.lang.String,java.lang.String)[pri:0, instance:tests.UITests@7526515b]" started-at="2022-09-27T20:00:35 IST" name="testBahrain" data-provider="getData" finished-at="2022-09-27T20:00:42 IST" duration-ms="6537" status="PASS">
          <params>
            <param index="0">
              <value>
                <![CDATA[Kuwait]]>
              </value>
            </param>
            <param index="1">
              <value>
                <![CDATA[English]]>
              </value>
            </param>
          </params>
          <reporter-output>
            <line>
              <![CDATA[Selected English language]]>
            </line>
            <line>
              <![CDATA[Clicked on country link]]>
            </line>
            <line>
              <![CDATA[Selected the Kuwait Country]]>
            </line>
            <line>
              <![CDATA[Packages for country Kuwait are verified]]>
            </line>
            <line>
              <![CDATA[Price of packages for country Kuwait are verified]]>
            </line>
            <line>
              <![CDATA[Currency of packages for country Kuwait are verified]]>
            </line>
          </reporter-output>
        </test-method> <!-- testBahrain -->
        <test-method is-config="true" signature="AfterMethod()[pri:0, instance:tests.UITests@7526515b]" started-at="2022-09-27T20:00:42 IST" name="AfterMethod" finished-at="2022-09-27T20:00:44 IST" duration-ms="2479" status="PASS">
          <reporter-output>
          </reporter-output>
        </test-method> <!-- AfterMethod -->
        <test-method is-config="true" signature="AfterTest()[pri:0, instance:tests.UITests@7526515b]" started-at="2022-09-27T20:00:44 IST" name="AfterTest" finished-at="2022-09-27T20:00:46 IST" duration-ms="1950" status="PASS">
          <reporter-output>
          </reporter-output>
        </test-method> <!-- AfterTest -->
      </class> <!-- tests.UITests -->
    </test> <!-- Default test -->
  </suite> <!-- Default suite -->
</testng-results>
